<?xml version="1.0" encoding="UTF-8"?>
<!-- Generated by org.testng.reporters.JUnitReportReporter -->
<testsuite hostname="DESKTOP-OA7CHOT" failures="0" tests="1" name="NewTest" time="0.009" errors="0" timestamp="2021-12-07T13:58:23 IST" skipped="0">
  <testcase classname="NewTest" name="f" time="0.009"/>
  <system-out/>
</testsuite> <!-- NewTest -->
